#! /usr/bin/vvp
:ivl_version "10.1 (stable)";
:ivl_delay_selection "TYPICAL";
:vpi_time_precision + 0;
:vpi_module "system";
:vpi_module "vhdl_sys";
:vpi_module "v2005_math";
:vpi_module "va_math";
S_0x19dacd0 .scope module, "TestFR" "TestFR" 2 1;
 .timescale 0 0;
v0x1a37df0_0 .var "C", 0 0;
v0x1a37ed0_0 .var "Clk", 0 0;
v0x1a37f90_0 .var "Le", 0 0;
v0x1a38090_0 .var "N", 0 0;
v0x1a38130_0 .net "Q", 3 0, v0x1a37c60_0;  1 drivers
v0x1a38220_0 .var "V", 0 0;
v0x1a382c0_0 .var "Z", 0 0;
L_0x1a38360 .concat [ 1 1 1 1], v0x1a382c0_0, v0x1a38220_0, v0x1a38090_0, v0x1a37df0_0;
S_0x19dae50 .scope module, "myFR" "FlagRegister" 2 9, 2 37 0, S_0x19dacd0;
 .timescale 0 0;
    .port_info 0 /OUTPUT 4 "Q"
    .port_info 1 /INPUT 4 "D"
    .port_info 2 /INPUT 1 "Clk"
    .port_info 3 /INPUT 1 "Le"
v0x1a15ac0_0 .net "Clk", 0 0, v0x1a37ed0_0;  1 drivers
v0x1a37ab0_0 .net "D", 3 0, L_0x1a38360;  1 drivers
v0x1a37b90_0 .net "Le", 0 0, v0x1a37f90_0;  1 drivers
v0x1a37c60_0 .var "Q", 3 0;
E_0x1a15130 .event posedge, v0x1a15ac0_0;
    .scope S_0x19dae50;
T_0 ;
    %wait E_0x1a15130;
    %load/vec4 v0x1a37b90_0;
    %flag_set/vec4 8;
    %jmp/0xz  T_0.0, 8;
    %load/vec4 v0x1a37ab0_0;
    %assign/vec4 v0x1a37c60_0, 0;
    %jmp T_0.1;
T_0.0 ;
    %load/vec4 v0x1a37c60_0;
    %assign/vec4 v0x1a37c60_0, 0;
T_0.1 ;
    %jmp T_0;
    .thread T_0;
    .scope S_0x19dacd0;
T_1 ;
    %pushi/vec4 0, 0, 1;
    %store/vec4 v0x1a37ed0_0, 0, 1;
T_1.0 ;
    %delay 5, 0;
    %load/vec4 v0x1a37ed0_0;
    %inv;
    %store/vec4 v0x1a37ed0_0, 0, 1;
    %jmp T_1.0;
    %end;
    .thread T_1;
    .scope S_0x19dacd0;
T_2 ;
    %fork t_1, S_0x19dacd0;
    %fork t_2, S_0x19dacd0;
    %fork t_3, S_0x19dacd0;
    %fork t_4, S_0x19dacd0;
    %fork t_5, S_0x19dacd0;
    %join;
    %join;
    %join;
    %join;
    %join;
    %jmp t_0;
t_1 ;
    %pushi/vec4 1, 0, 1;
    %store/vec4 v0x1a37f90_0, 0, 1;
    %end;
t_2 ;
    %pushi/vec4 1, 0, 1;
    %store/vec4 v0x1a37df0_0, 0, 1;
    %end;
t_3 ;
    %pushi/vec4 1, 0, 1;
    %store/vec4 v0x1a38090_0, 0, 1;
    %end;
t_4 ;
    %pushi/vec4 0, 0, 1;
    %store/vec4 v0x1a38220_0, 0, 1;
    %end;
t_5 ;
    %pushi/vec4 1, 0, 1;
    %store/vec4 v0x1a382c0_0, 0, 1;
    %end;
    .scope S_0x19dacd0;
t_0 ;
    %end;
    .thread T_2;
    .scope S_0x19dacd0;
T_3 ;
    %delay 10, 0;
    %pushi/vec4 0, 0, 1;
    %store/vec4 v0x1a37df0_0, 0, 1;
    %delay 15, 0;
    %pushi/vec4 1, 0, 1;
    %store/vec4 v0x1a38220_0, 0, 1;
    %end;
    .thread T_3;
    .scope S_0x19dacd0;
T_4 ;
    %vpi_call 2 30 "$display", "Q\011C N V Z\011\011Time" {0 0 0};
    %vpi_call 2 31 "$monitor", "%b\011%b %b %b %b\011%d", v0x1a38130_0, v0x1a37df0_0, v0x1a38090_0, v0x1a38220_0, v0x1a382c0_0, $time {0 0 0};
    %end;
    .thread T_4;
# The file index is used to find the file name in the following table.
:file_names 3;
    "N/A";
    "<interactive>";
    "Flag_Register.v";
