#! /usr/bin/vvp
:ivl_version "10.1 (stable)";
:ivl_delay_selection "TYPICAL";
:vpi_time_precision + 0;
:vpi_module "system";
:vpi_module "vhdl_sys";
:vpi_module "v2005_math";
:vpi_module "va_math";
S_0x26d59c0 .scope module, "ramtest2" "ramtest2" 2 1;
 .timescale 0 0;
v0x27276a0_0 .var "Address", 8 0;
v0x27277b0_0 .net "DataOut", 31 0, v0x2726740_0;  1 drivers
v0x2727880_0 .var "Enable", 0 0;
v0x2727980_0 .net "MOC", 0 0, v0x2726ef0_0;  1 drivers
v0x2727a50_0 .var "ReadWrite", 0 0;
v0x2727af0_0 .var/i "code", 31 0;
v0x2727b90_0 .var "data", 31 0;
v0x2727c30_0 .var "doubleWord", 63 0;
v0x2727cd0_0 .var/i "fi", 31 0;
v0x2727e40_0 .var/i "fo", 31 0;
v0x2727f20_0 .var/i "i", 31 0;
v0x2728000_0 .var "mode", 3 0;
E_0x2705b40 .event edge, v0x2726ef0_0;
E_0x26d5740 .event edge, v0x2723e20_0;
S_0x26d57d0 .scope module, "ram1" "RamAccess" 2 7, 3 1 0, S_0x26d59c0;
 .timescale 0 0;
    .port_info 0 /OUTPUT 32 "DataOut0"
    .port_info 1 /OUTPUT 1 "MOC"
    .port_info 2 /INPUT 1 "Enable0"
    .port_info 3 /INPUT 1 "ReadWrite"
    .port_info 4 /INPUT 9 "Address"
    .port_info 5 /INPUT 32 "DataIn0"
    .port_info 6 /INPUT 4 "mode"
v0x2725d90_0 .net "Address", 8 0, v0x27276a0_0;  1 drivers
v0x2725e90_0 .var "Address1", 8 0;
v0x2725f50_0 .var "Address2", 8 0;
v0x2726020_0 .var "Address3", 8 0;
v0x27260f0_0 .var "Address4", 8 0;
v0x27261e0_0 .var "DataIn", 7 0;
v0x27262b0_0 .net "DataIn0", 31 0, v0x2727b90_0;  1 drivers
v0x2726350_0 .var "DataIn2", 7 0;
v0x2726440_0 .var "DataIn3", 7 0;
v0x27265a0_0 .var "DataIn4", 7 0;
v0x2726670_0 .net "DataOut", 7 0, v0x2723ad0_0;  1 drivers
v0x2726740_0 .var "DataOut0", 31 0;
v0x2726800_0 .net "DataOut2", 7 0, v0x27244b0_0;  1 drivers
v0x27268f0_0 .net "DataOut3", 7 0, v0x2724e60_0;  1 drivers
v0x27269c0_0 .net "DataOut4", 7 0, v0x27258a0_0;  1 drivers
v0x2726a90_0 .var "Enable", 0 0;
v0x2726b60_0 .net "Enable0", 0 0, v0x2727880_0;  1 drivers
v0x2726d10_0 .var "Enable2", 0 0;
v0x2726db0_0 .var "Enable3", 0 0;
v0x2726e50_0 .var "Enable4", 0 0;
v0x2726ef0_0 .var "MOC", 0 0;
v0x2726f90_0 .net "MOC1", 0 0, v0x2723c50_0;  1 drivers
v0x2727060_0 .net "MOC2", 0 0, v0x2724630_0;  1 drivers
v0x2727130_0 .net "MOC3", 0 0, v0x2725010_0;  1 drivers
v0x2727200_0 .net "MOC4", 0 0, v0x2725a20_0;  1 drivers
v0x27272d0_0 .net "ReadWrite", 0 0, v0x2727a50_0;  1 drivers
v0x2727400_0 .var/i "i", 31 0;
v0x27274a0_0 .net "mode", 3 0, v0x2728000_0;  1 drivers
v0x2727540_0 .var "temp", 8 0;
E_0x26d5360 .event posedge, v0x2726b60_0;
E_0x26d94e0 .event edge, v0x2723c50_0;
E_0x26c1540 .event edge, v0x2724630_0;
E_0x26c1830 .event edge, v0x2725010_0;
E_0x26c0000 .event edge, v0x2725a20_0;
S_0x26d9190 .scope module, "ram" "ram128x8" 3 14, 4 1 0, S_0x26d57d0;
 .timescale 0 0;
    .port_info 0 /OUTPUT 8 "DataOut"
    .port_info 1 /OUTPUT 1 "MOC"
    .port_info 2 /INPUT 1 "Enable"
    .port_info 3 /INPUT 1 "ReadWrite"
    .port_info 4 /INPUT 9 "Address"
    .port_info 5 /INPUT 8 "DataIn"
v0x2702530_0 .net "Address", 8 0, v0x2725e90_0;  1 drivers
v0x27239d0_0 .net "DataIn", 7 0, v0x27261e0_0;  1 drivers
v0x2723ad0_0 .var "DataOut", 7 0;
v0x2723b90_0 .net "Enable", 0 0, v0x2726a90_0;  1 drivers
v0x2723c50_0 .var "MOC", 0 0;
v0x2723d60 .array "Mem", 127 0, 7 0;
v0x2723e20_0 .net "ReadWrite", 0 0, v0x2727a50_0;  alias, 1 drivers
E_0x26bf9f0 .event edge, v0x2723b90_0;
S_0x2723fe0 .scope module, "ram2" "ram128x8" 3 15, 4 1 0, S_0x26d57d0;
 .timescale 0 0;
    .port_info 0 /OUTPUT 8 "DataOut"
    .port_info 1 /OUTPUT 1 "MOC"
    .port_info 2 /INPUT 1 "Enable"
    .port_info 3 /INPUT 1 "ReadWrite"
    .port_info 4 /INPUT 9 "Address"
    .port_info 5 /INPUT 8 "DataIn"
v0x27242d0_0 .net "Address", 8 0, v0x2725f50_0;  1 drivers
v0x27243d0_0 .net "DataIn", 7 0, v0x2726350_0;  1 drivers
v0x27244b0_0 .var "DataOut", 7 0;
v0x2724570_0 .net "Enable", 0 0, v0x2726d10_0;  1 drivers
v0x2724630_0 .var "MOC", 0 0;
v0x2724740 .array "Mem", 127 0, 7 0;
v0x2724800_0 .net "ReadWrite", 0 0, v0x2727a50_0;  alias, 1 drivers
E_0x2724270 .event edge, v0x2724570_0;
S_0x2724980 .scope module, "ram3" "ram128x8" 3 16, 4 1 0, S_0x26d57d0;
 .timescale 0 0;
    .port_info 0 /OUTPUT 8 "DataOut"
    .port_info 1 /OUTPUT 1 "MOC"
    .port_info 2 /INPUT 1 "Enable"
    .port_info 3 /INPUT 1 "ReadWrite"
    .port_info 4 /INPUT 9 "Address"
    .port_info 5 /INPUT 8 "DataIn"
v0x2724c80_0 .net "Address", 8 0, v0x2726020_0;  1 drivers
v0x2724d80_0 .net "DataIn", 7 0, v0x2726440_0;  1 drivers
v0x2724e60_0 .var "DataOut", 7 0;
v0x2724f50_0 .net "Enable", 0 0, v0x2726db0_0;  1 drivers
v0x2725010_0 .var "MOC", 0 0;
v0x2725120 .array "Mem", 127 0, 7 0;
v0x27251e0_0 .net "ReadWrite", 0 0, v0x2727a50_0;  alias, 1 drivers
E_0x2724c20 .event edge, v0x2724f50_0;
S_0x27253d0 .scope module, "ram4" "ram128x8" 3 17, 4 1 0, S_0x26d57d0;
 .timescale 0 0;
    .port_info 0 /OUTPUT 8 "DataOut"
    .port_info 1 /OUTPUT 1 "MOC"
    .port_info 2 /INPUT 1 "Enable"
    .port_info 3 /INPUT 1 "ReadWrite"
    .port_info 4 /INPUT 9 "Address"
    .port_info 5 /INPUT 8 "DataIn"
v0x27256c0_0 .net "Address", 8 0, v0x27260f0_0;  1 drivers
v0x27257c0_0 .net "DataIn", 7 0, v0x27265a0_0;  1 drivers
v0x27258a0_0 .var "DataOut", 7 0;
v0x2725960_0 .net "Enable", 0 0, v0x2726e50_0;  1 drivers
v0x2725a20_0 .var "MOC", 0 0;
v0x2725b30 .array "Mem", 127 0, 7 0;
v0x2725bf0_0 .net "ReadWrite", 0 0, v0x2727a50_0;  alias, 1 drivers
E_0x2725640 .event edge, v0x2725960_0;
    .scope S_0x26d9190;
T_0 ;
    %wait E_0x26bf9f0;
    %pushi/vec4 0, 0, 1;
    %store/vec4 v0x2723c50_0, 0, 1;
    %load/vec4 v0x2723b90_0;
    %flag_set/vec4 8;
    %jmp/0xz  T_0.0, 8;
    %load/vec4 v0x2723e20_0;
    %flag_set/vec4 8;
    %jmp/0xz  T_0.2, 8;
    %load/vec4 v0x2702530_0;
    %ix/load 5, 2, 0;
    %flag_set/imm 4, 0;
    %shiftr 5;
    %ix/vec4 4;
    %load/vec4a v0x2723d60, 4;
    %store/vec4 v0x2723ad0_0, 0, 8;
    %vpi_call 4 9 "$display", "Data leida del Address %d es %b", v0x2702530_0, v0x2723ad0_0 {0 0 0};
    %jmp T_0.3;
T_0.2 ;
    %load/vec4 v0x27239d0_0;
    %load/vec4 v0x2702530_0;
    %ix/load 5, 2, 0;
    %flag_set/imm 4, 0;
    %shiftr 5;
    %ix/vec4 4;
    %store/vec4a v0x2723d60, 4, 0;
    %vpi_call 4 13 "$display", "Data escrita en el Address %d es %b   %d", v0x2702530_0, v0x27239d0_0, $time {0 0 0};
T_0.3 ;
    %pushi/vec4 0, 0, 1;
    %cassign/vec4 v0x2723c50_0;
T_0.0 ;
    %pushi/vec4 1, 0, 1;
    %cassign/vec4 v0x2723c50_0;
    %jmp T_0;
    .thread T_0, $push;
    .scope S_0x2723fe0;
T_1 ;
    %wait E_0x2724270;
    %pushi/vec4 0, 0, 1;
    %store/vec4 v0x2724630_0, 0, 1;
    %load/vec4 v0x2724570_0;
    %flag_set/vec4 8;
    %jmp/0xz  T_1.0, 8;
    %load/vec4 v0x2724800_0;
    %flag_set/vec4 8;
    %jmp/0xz  T_1.2, 8;
    %load/vec4 v0x27242d0_0;
    %ix/load 5, 2, 0;
    %flag_set/imm 4, 0;
    %shiftr 5;
    %ix/vec4 4;
    %load/vec4a v0x2724740, 4;
    %store/vec4 v0x27244b0_0, 0, 8;
    %vpi_call 4 9 "$display", "Data leida del Address %d es %b", v0x27242d0_0, v0x27244b0_0 {0 0 0};
    %jmp T_1.3;
T_1.2 ;
    %load/vec4 v0x27243d0_0;
    %load/vec4 v0x27242d0_0;
    %ix/load 5, 2, 0;
    %flag_set/imm 4, 0;
    %shiftr 5;
    %ix/vec4 4;
    %store/vec4a v0x2724740, 4, 0;
    %vpi_call 4 13 "$display", "Data escrita en el Address %d es %b   %d", v0x27242d0_0, v0x27243d0_0, $time {0 0 0};
T_1.3 ;
    %pushi/vec4 0, 0, 1;
    %cassign/vec4 v0x2724630_0;
T_1.0 ;
    %pushi/vec4 1, 0, 1;
    %cassign/vec4 v0x2724630_0;
    %jmp T_1;
    .thread T_1, $push;
    .scope S_0x2724980;
T_2 ;
    %wait E_0x2724c20;
    %pushi/vec4 0, 0, 1;
    %store/vec4 v0x2725010_0, 0, 1;
    %load/vec4 v0x2724f50_0;
    %flag_set/vec4 8;
    %jmp/0xz  T_2.0, 8;
    %load/vec4 v0x27251e0_0;
    %flag_set/vec4 8;
    %jmp/0xz  T_2.2, 8;
    %load/vec4 v0x2724c80_0;
    %ix/load 5, 2, 0;
    %flag_set/imm 4, 0;
    %shiftr 5;
    %ix/vec4 4;
    %load/vec4a v0x2725120, 4;
    %store/vec4 v0x2724e60_0, 0, 8;
    %vpi_call 4 9 "$display", "Data leida del Address %d es %b", v0x2724c80_0, v0x2724e60_0 {0 0 0};
    %jmp T_2.3;
T_2.2 ;
    %load/vec4 v0x2724d80_0;
    %load/vec4 v0x2724c80_0;
    %ix/load 5, 2, 0;
    %flag_set/imm 4, 0;
    %shiftr 5;
    %ix/vec4 4;
    %store/vec4a v0x2725120, 4, 0;
    %vpi_call 4 13 "$display", "Data escrita en el Address %d es %b   %d", v0x2724c80_0, v0x2724d80_0, $time {0 0 0};
T_2.3 ;
    %pushi/vec4 0, 0, 1;
    %cassign/vec4 v0x2725010_0;
T_2.0 ;
    %pushi/vec4 1, 0, 1;
    %cassign/vec4 v0x2725010_0;
    %jmp T_2;
    .thread T_2, $push;
    .scope S_0x27253d0;
T_3 ;
    %wait E_0x2725640;
    %pushi/vec4 0, 0, 1;
    %store/vec4 v0x2725a20_0, 0, 1;
    %load/vec4 v0x2725960_0;
    %flag_set/vec4 8;
    %jmp/0xz  T_3.0, 8;
    %load/vec4 v0x2725bf0_0;
    %flag_set/vec4 8;
    %jmp/0xz  T_3.2, 8;
    %load/vec4 v0x27256c0_0;
    %ix/load 5, 2, 0;
    %flag_set/imm 4, 0;
    %shiftr 5;
    %ix/vec4 4;
    %load/vec4a v0x2725b30, 4;
    %store/vec4 v0x27258a0_0, 0, 8;
    %vpi_call 4 9 "$display", "Data leida del Address %d es %b", v0x27256c0_0, v0x27258a0_0 {0 0 0};
    %jmp T_3.3;
T_3.2 ;
    %load/vec4 v0x27257c0_0;
    %load/vec4 v0x27256c0_0;
    %ix/load 5, 2, 0;
    %flag_set/imm 4, 0;
    %shiftr 5;
    %ix/vec4 4;
    %store/vec4a v0x2725b30, 4, 0;
    %vpi_call 4 13 "$display", "Data escrita en el Address %d es %b   %d", v0x27256c0_0, v0x27257c0_0, $time {0 0 0};
T_3.3 ;
    %pushi/vec4 0, 0, 1;
    %cassign/vec4 v0x2725a20_0;
T_3.0 ;
    %pushi/vec4 1, 0, 1;
    %cassign/vec4 v0x2725a20_0;
    %jmp T_3;
    .thread T_3, $push;
    .scope S_0x26d57d0;
T_4 ;
    %wait E_0x26d5360;
    %load/vec4 v0x27272d0_0;
    %nor/r;
    %flag_set/vec4 8;
    %jmp/0xz  T_4.0, 8;
    %pushi/vec4 0, 0, 1;
    %store/vec4 v0x2726ef0_0, 0, 1;
    %load/vec4 v0x27274a0_0;
    %pad/u 32;
    %cmpi/e 0, 0, 32;
    %jmp/0xz  T_4.2, 4;
    %load/vec4 v0x2725d90_0;
    %store/vec4 v0x2725e90_0, 0, 9;
    %load/vec4 v0x2725d90_0;
    %store/vec4 v0x2725f50_0, 0, 9;
    %load/vec4 v0x2725d90_0;
    %store/vec4 v0x2726020_0, 0, 9;
    %load/vec4 v0x2725d90_0;
    %store/vec4 v0x27260f0_0, 0, 9;
    %load/vec4 v0x2725d90_0;
    %pad/u 32;
    %pushi/vec4 4, 0, 32;
    %mod;
    %cmpi/e 3, 0, 32;
    %flag_mov 8, 4;
    %load/vec4 v0x2725d90_0;
    %cmpi/e 3, 0, 9;
    %flag_or 4, 8;
    %jmp/0xz  T_4.4, 4;
    %pushi/vec4 0, 0, 32;
    %store/vec4 v0x2727400_0, 0, 32;
T_4.6 ;
    %load/vec4 v0x2727400_0;
    %cmpi/s 8, 0, 32;
    %jmp/0xz T_4.7, 5;
    %load/vec4 v0x27262b0_0;
    %load/vec4 v0x2727400_0;
    %part/s 1;
    %ix/getv/s 4, v0x2727400_0;
    %store/vec4 v0x27265a0_0, 4, 1;
    %load/vec4 v0x2727400_0;
    %pushi/vec4 1, 0, 32;
    %add;
    %store/vec4 v0x2727400_0, 0, 32;
    %jmp T_4.6;
T_4.7 ;
    %pushi/vec4 0, 0, 1;
    %store/vec4 v0x2726e50_0, 0, 1;
    %delay 1, 0;
    %pushi/vec4 1, 0, 1;
    %store/vec4 v0x2726e50_0, 0, 1;
    %load/vec4 v0x2727200_0;
    %store/vec4 v0x2726ef0_0, 0, 1;
    %jmp T_4.5;
T_4.4 ;
    %load/vec4 v0x2725d90_0;
    %pad/u 32;
    %pushi/vec4 4, 0, 32;
    %mod;
    %cmpi/e 2, 0, 32;
    %flag_mov 8, 4;
    %load/vec4 v0x2725d90_0;
    %cmpi/e 2, 0, 9;
    %flag_or 4, 8;
    %jmp/0xz  T_4.8, 4;
    %pushi/vec4 0, 0, 32;
    %store/vec4 v0x2727400_0, 0, 32;
T_4.10 ;
    %load/vec4 v0x2727400_0;
    %cmpi/s 8, 0, 32;
    %jmp/0xz T_4.11, 5;
    %load/vec4 v0x27262b0_0;
    %load/vec4 v0x2727400_0;
    %part/s 1;
    %ix/getv/s 4, v0x2727400_0;
    %store/vec4 v0x2726440_0, 4, 1;
    %load/vec4 v0x2727400_0;
    %pushi/vec4 1, 0, 32;
    %add;
    %store/vec4 v0x2727400_0, 0, 32;
    %jmp T_4.10;
T_4.11 ;
    %pushi/vec4 0, 0, 1;
    %store/vec4 v0x2726db0_0, 0, 1;
    %delay 1, 0;
    %pushi/vec4 1, 0, 1;
    %store/vec4 v0x2726db0_0, 0, 1;
    %load/vec4 v0x2727130_0;
    %store/vec4 v0x2726ef0_0, 0, 1;
    %jmp T_4.9;
T_4.8 ;
    %load/vec4 v0x2725d90_0;
    %pad/u 32;
    %pushi/vec4 4, 0, 32;
    %mod;
    %cmpi/e 1, 0, 32;
    %flag_mov 8, 4;
    %load/vec4 v0x2725d90_0;
    %cmpi/e 1, 0, 9;
    %flag_or 4, 8;
    %jmp/0xz  T_4.12, 4;
    %pushi/vec4 0, 0, 32;
    %store/vec4 v0x2727400_0, 0, 32;
T_4.14 ;
    %load/vec4 v0x2727400_0;
    %cmpi/s 8, 0, 32;
    %jmp/0xz T_4.15, 5;
    %load/vec4 v0x27262b0_0;
    %load/vec4 v0x2727400_0;
    %part/s 1;
    %ix/getv/s 4, v0x2727400_0;
    %store/vec4 v0x2726350_0, 4, 1;
    %load/vec4 v0x2727400_0;
    %pushi/vec4 1, 0, 32;
    %add;
    %store/vec4 v0x2727400_0, 0, 32;
    %jmp T_4.14;
T_4.15 ;
    %pushi/vec4 0, 0, 1;
    %store/vec4 v0x2726d10_0, 0, 1;
    %delay 1, 0;
    %pushi/vec4 1, 0, 1;
    %store/vec4 v0x2726d10_0, 0, 1;
    %load/vec4 v0x2727060_0;
    %store/vec4 v0x2726ef0_0, 0, 1;
    %jmp T_4.13;
T_4.12 ;
    %pushi/vec4 0, 0, 1;
    %store/vec4 v0x2726a90_0, 0, 1;
    %load/vec4 v0x27262b0_0;
    %pad/u 8;
    %store/vec4 v0x27261e0_0, 0, 8;
    %delay 1, 0;
    %pushi/vec4 1, 0, 1;
    %store/vec4 v0x2726a90_0, 0, 1;
    %load/vec4 v0x2726f90_0;
    %store/vec4 v0x2726ef0_0, 0, 1;
T_4.13 ;
T_4.9 ;
T_4.5 ;
    %jmp T_4.3;
T_4.2 ;
    %load/vec4 v0x27274a0_0;
    %pad/u 32;
    %cmpi/e 1, 0, 32;
    %jmp/0xz  T_4.16, 4;
    %load/vec4 v0x2725d90_0;
    %store/vec4 v0x2727540_0, 0, 9;
    %load/vec4 v0x2727540_0;
    %ix/load 4, 1, 0;
    %flag_set/imm 4, 0;
    %shiftr 4;
    %store/vec4 v0x2727540_0, 0, 9;
    %load/vec4 v0x2727540_0;
    %ix/load 4, 1, 0;
    %flag_set/imm 4, 0;
    %shiftl 4;
    %store/vec4 v0x2727540_0, 0, 9;
    %load/vec4 v0x2727540_0;
    %store/vec4 v0x2725e90_0, 0, 9;
    %load/vec4 v0x2727540_0;
    %addi 1, 0, 9;
    %store/vec4 v0x2725f50_0, 0, 9;
    %load/vec4 v0x2727540_0;
    %store/vec4 v0x2726020_0, 0, 9;
    %load/vec4 v0x2727540_0;
    %addi 1, 0, 9;
    %store/vec4 v0x27260f0_0, 0, 9;
    %load/vec4 v0x2725d90_0;
    %parti/s 1, 1, 2;
    %pad/u 32;
    %cmpi/e 1, 0, 32;
    %jmp/0xz  T_4.18, 4;
    %pushi/vec4 0, 0, 32;
    %store/vec4 v0x2727400_0, 0, 32;
T_4.20 ;
    %load/vec4 v0x2727400_0;
    %cmpi/s 16, 0, 32;
    %jmp/0xz T_4.21, 5;
    %pushi/vec4 8, 0, 32;
    %load/vec4 v0x2727400_0;
    %cmp/s;
    %flag_or 5, 4;
    %jmp/0xz  T_4.22, 5;
    %load/vec4 v0x27262b0_0;
    %load/vec4 v0x2727400_0;
    %part/s 1;
    %load/vec4 v0x2727400_0;
    %subi 8, 0, 32;
    %ix/vec4/s 4;
    %store/vec4 v0x2726440_0, 4, 1;
    %jmp T_4.23;
T_4.22 ;
    %load/vec4 v0x27262b0_0;
    %load/vec4 v0x2727400_0;
    %part/s 1;
    %ix/getv/s 4, v0x2727400_0;
    %store/vec4 v0x27265a0_0, 4, 1;
T_4.23 ;
    %load/vec4 v0x2727400_0;
    %pushi/vec4 1, 0, 32;
    %add;
    %store/vec4 v0x2727400_0, 0, 32;
    %jmp T_4.20;
T_4.21 ;
    %pushi/vec4 0, 0, 1;
    %store/vec4 v0x2726db0_0, 0, 1;
    %pushi/vec4 0, 0, 1;
    %store/vec4 v0x2726e50_0, 0, 1;
    %pushi/vec4 1, 0, 1;
    %store/vec4 v0x2726e50_0, 0, 1;
    %pushi/vec4 1, 0, 1;
    %store/vec4 v0x2726db0_0, 0, 1;
    %delay 10, 0;
    %load/vec4 v0x2727200_0;
    %load/vec4 v0x2727130_0;
    %and;
    %store/vec4 v0x2726ef0_0, 0, 1;
    %jmp T_4.19;
T_4.18 ;
    %pushi/vec4 0, 0, 32;
    %store/vec4 v0x2727400_0, 0, 32;
T_4.24 ;
    %load/vec4 v0x2727400_0;
    %cmpi/s 16, 0, 32;
    %jmp/0xz T_4.25, 5;
    %pushi/vec4 8, 0, 32;
    %load/vec4 v0x2727400_0;
    %cmp/s;
    %flag_or 5, 4;
    %jmp/0xz  T_4.26, 5;
    %load/vec4 v0x27262b0_0;
    %load/vec4 v0x2727400_0;
    %part/s 1;
    %load/vec4 v0x2727400_0;
    %subi 8, 0, 32;
    %ix/vec4/s 4;
    %store/vec4 v0x27261e0_0, 4, 1;
    %jmp T_4.27;
T_4.26 ;
    %load/vec4 v0x27262b0_0;
    %load/vec4 v0x2727400_0;
    %part/s 1;
    %ix/getv/s 4, v0x2727400_0;
    %store/vec4 v0x2726350_0, 4, 1;
T_4.27 ;
    %load/vec4 v0x2727400_0;
    %pushi/vec4 1, 0, 32;
    %add;
    %store/vec4 v0x2727400_0, 0, 32;
    %jmp T_4.24;
T_4.25 ;
    %pushi/vec4 0, 0, 1;
    %store/vec4 v0x2726a90_0, 0, 1;
    %pushi/vec4 0, 0, 1;
    %store/vec4 v0x2726d10_0, 0, 1;
    %pushi/vec4 1, 0, 1;
    %store/vec4 v0x2726d10_0, 0, 1;
    %pushi/vec4 1, 0, 1;
    %store/vec4 v0x2726a90_0, 0, 1;
    %delay 10, 0;
    %load/vec4 v0x2727060_0;
    %load/vec4 v0x2726f90_0;
    %and;
    %store/vec4 v0x2726ef0_0, 0, 1;
T_4.19 ;
    %jmp T_4.17;
T_4.16 ;
    %load/vec4 v0x27274a0_0;
    %pad/u 32;
    %cmpi/e 2, 0, 32;
    %jmp/0xz  T_4.28, 4;
    %load/vec4 v0x2725d90_0;
    %store/vec4 v0x2727540_0, 0, 9;
    %load/vec4 v0x2727540_0;
    %ix/load 4, 2, 0;
    %flag_set/imm 4, 0;
    %shiftr 4;
    %store/vec4 v0x2727540_0, 0, 9;
    %load/vec4 v0x2727540_0;
    %ix/load 4, 2, 0;
    %flag_set/imm 4, 0;
    %shiftl 4;
    %store/vec4 v0x2727540_0, 0, 9;
    %load/vec4 v0x2727540_0;
    %store/vec4 v0x2725e90_0, 0, 9;
    %load/vec4 v0x2727540_0;
    %addi 1, 0, 9;
    %store/vec4 v0x2725f50_0, 0, 9;
    %load/vec4 v0x2727540_0;
    %addi 2, 0, 9;
    %store/vec4 v0x2726020_0, 0, 9;
    %load/vec4 v0x2727540_0;
    %addi 3, 0, 9;
    %store/vec4 v0x27260f0_0, 0, 9;
    %pushi/vec4 0, 0, 32;
    %store/vec4 v0x2727400_0, 0, 32;
T_4.30 ;
    %load/vec4 v0x2727400_0;
    %cmpi/s 32, 0, 32;
    %jmp/0xz T_4.31, 5;
    %pushi/vec4 24, 0, 32;
    %load/vec4 v0x2727400_0;
    %cmp/s;
    %flag_or 5, 4;
    %jmp/0xz  T_4.32, 5;
    %load/vec4 v0x27262b0_0;
    %load/vec4 v0x2727400_0;
    %part/s 1;
    %load/vec4 v0x2727400_0;
    %subi 24, 0, 32;
    %ix/vec4/s 4;
    %store/vec4 v0x27261e0_0, 4, 1;
    %jmp T_4.33;
T_4.32 ;
    %pushi/vec4 16, 0, 32;
    %load/vec4 v0x2727400_0;
    %cmp/s;
    %flag_or 5, 4;
    %jmp/0xz  T_4.34, 5;
    %load/vec4 v0x27262b0_0;
    %load/vec4 v0x2727400_0;
    %part/s 1;
    %load/vec4 v0x2727400_0;
    %subi 16, 0, 32;
    %ix/vec4/s 4;
    %store/vec4 v0x2726350_0, 4, 1;
    %jmp T_4.35;
T_4.34 ;
    %pushi/vec4 8, 0, 32;
    %load/vec4 v0x2727400_0;
    %cmp/s;
    %flag_or 5, 4;
    %jmp/0xz  T_4.36, 5;
    %load/vec4 v0x27262b0_0;
    %load/vec4 v0x2727400_0;
    %part/s 1;
    %load/vec4 v0x2727400_0;
    %subi 8, 0, 32;
    %ix/vec4/s 4;
    %store/vec4 v0x2726440_0, 4, 1;
    %jmp T_4.37;
T_4.36 ;
    %load/vec4 v0x27262b0_0;
    %load/vec4 v0x2727400_0;
    %part/s 1;
    %ix/getv/s 4, v0x2727400_0;
    %store/vec4 v0x27265a0_0, 4, 1;
T_4.37 ;
T_4.35 ;
T_4.33 ;
    %load/vec4 v0x2727400_0;
    %pushi/vec4 1, 0, 32;
    %add;
    %store/vec4 v0x2727400_0, 0, 32;
    %jmp T_4.30;
T_4.31 ;
    %pushi/vec4 0, 0, 1;
    %store/vec4 v0x2726a90_0, 0, 1;
    %pushi/vec4 0, 0, 1;
    %store/vec4 v0x2726d10_0, 0, 1;
    %pushi/vec4 0, 0, 1;
    %store/vec4 v0x2726db0_0, 0, 1;
    %pushi/vec4 0, 0, 1;
    %store/vec4 v0x2726e50_0, 0, 1;
    %pushi/vec4 1, 0, 1;
    %store/vec4 v0x2726a90_0, 0, 1;
    %pushi/vec4 1, 0, 1;
    %store/vec4 v0x2726d10_0, 0, 1;
    %pushi/vec4 1, 0, 1;
    %store/vec4 v0x2726db0_0, 0, 1;
    %pushi/vec4 1, 0, 1;
    %store/vec4 v0x2726e50_0, 0, 1;
    %load/vec4 v0x2727200_0;
    %load/vec4 v0x2727130_0;
    %and;
    %load/vec4 v0x2727060_0;
    %and;
    %load/vec4 v0x2726f90_0;
    %and;
    %store/vec4 v0x2726ef0_0, 0, 1;
T_4.28 ;
T_4.17 ;
T_4.3 ;
    %jmp T_4.1;
T_4.0 ;
    %pushi/vec4 0, 0, 1;
    %store/vec4 v0x2726ef0_0, 0, 1;
    %load/vec4 v0x27274a0_0;
    %pad/u 32;
    %cmpi/e 0, 0, 32;
    %jmp/0xz  T_4.38, 4;
    %load/vec4 v0x2725d90_0;
    %store/vec4 v0x2725e90_0, 0, 9;
    %load/vec4 v0x2725d90_0;
    %store/vec4 v0x2725f50_0, 0, 9;
    %load/vec4 v0x2725d90_0;
    %store/vec4 v0x2726020_0, 0, 9;
    %load/vec4 v0x2725d90_0;
    %store/vec4 v0x27260f0_0, 0, 9;
    %load/vec4 v0x2725d90_0;
    %pad/u 32;
    %pushi/vec4 4, 0, 32;
    %mod;
    %cmpi/e 3, 0, 32;
    %flag_mov 8, 4;
    %load/vec4 v0x2725d90_0;
    %cmpi/e 3, 0, 9;
    %flag_or 4, 8;
    %jmp/0xz  T_4.40, 4;
    %pushi/vec4 0, 0, 1;
    %store/vec4 v0x2726e50_0, 0, 1;
    %delay 1, 0;
    %pushi/vec4 1, 0, 1;
    %store/vec4 v0x2726e50_0, 0, 1;
    %delay 1, 0;
T_4.42 ;
    %load/vec4 v0x2727200_0;
    %pad/u 32;
    %pushi/vec4 1, 0, 32;
    %cmp/e;
    %flag_get/vec4 4;
    %cmpi/ne 1, 0, 1;
    %jmp/0xz T_4.43, 6;
    %wait E_0x26c0000;
    %jmp T_4.42;
T_4.43 ;
    %load/vec4 v0x27269c0_0;
    %pad/u 32;
    %store/vec4 v0x2726740_0, 0, 32;
    %load/vec4 v0x2727200_0;
    %store/vec4 v0x2726ef0_0, 0, 1;
    %jmp T_4.41;
T_4.40 ;
    %load/vec4 v0x2725d90_0;
    %pad/u 32;
    %pushi/vec4 4, 0, 32;
    %mod;
    %cmpi/e 2, 0, 32;
    %flag_mov 8, 4;
    %load/vec4 v0x2725d90_0;
    %cmpi/e 2, 0, 9;
    %flag_or 4, 8;
    %jmp/0xz  T_4.44, 4;
    %pushi/vec4 0, 0, 1;
    %store/vec4 v0x2726db0_0, 0, 1;
    %delay 1, 0;
    %pushi/vec4 1, 0, 1;
    %store/vec4 v0x2726db0_0, 0, 1;
    %delay 1, 0;
T_4.46 ;
    %load/vec4 v0x2727130_0;
    %pad/u 32;
    %pushi/vec4 1, 0, 32;
    %cmp/e;
    %flag_get/vec4 4;
    %cmpi/ne 1, 0, 1;
    %jmp/0xz T_4.47, 6;
    %wait E_0x26c1830;
    %jmp T_4.46;
T_4.47 ;
    %load/vec4 v0x27268f0_0;
    %pad/u 32;
    %store/vec4 v0x2726740_0, 0, 32;
    %load/vec4 v0x2727130_0;
    %store/vec4 v0x2726ef0_0, 0, 1;
    %jmp T_4.45;
T_4.44 ;
    %load/vec4 v0x2725d90_0;
    %pad/u 32;
    %pushi/vec4 4, 0, 32;
    %mod;
    %cmpi/e 1, 0, 32;
    %flag_mov 8, 4;
    %load/vec4 v0x2725d90_0;
    %cmpi/e 1, 0, 9;
    %flag_or 4, 8;
    %jmp/0xz  T_4.48, 4;
    %pushi/vec4 0, 0, 1;
    %store/vec4 v0x2726d10_0, 0, 1;
    %delay 1, 0;
    %pushi/vec4 1, 0, 1;
    %store/vec4 v0x2726d10_0, 0, 1;
    %delay 1, 0;
T_4.50 ;
    %load/vec4 v0x2727060_0;
    %pad/u 32;
    %pushi/vec4 1, 0, 32;
    %cmp/e;
    %flag_get/vec4 4;
    %cmpi/ne 1, 0, 1;
    %jmp/0xz T_4.51, 6;
    %wait E_0x26c1540;
    %jmp T_4.50;
T_4.51 ;
    %load/vec4 v0x2726800_0;
    %pad/u 32;
    %store/vec4 v0x2726740_0, 0, 32;
    %load/vec4 v0x2727060_0;
    %store/vec4 v0x2726ef0_0, 0, 1;
    %jmp T_4.49;
T_4.48 ;
    %pushi/vec4 0, 0, 1;
    %store/vec4 v0x2726a90_0, 0, 1;
    %delay 1, 0;
    %pushi/vec4 1, 0, 1;
    %store/vec4 v0x2726a90_0, 0, 1;
    %delay 1, 0;
T_4.52 ;
    %load/vec4 v0x2726f90_0;
    %pad/u 32;
    %pushi/vec4 1, 0, 32;
    %cmp/e;
    %flag_get/vec4 4;
    %cmpi/ne 1, 0, 1;
    %jmp/0xz T_4.53, 6;
    %wait E_0x26d94e0;
    %jmp T_4.52;
T_4.53 ;
    %load/vec4 v0x2726670_0;
    %pad/u 32;
    %store/vec4 v0x2726740_0, 0, 32;
    %load/vec4 v0x2726f90_0;
    %store/vec4 v0x2726ef0_0, 0, 1;
T_4.49 ;
T_4.45 ;
T_4.41 ;
    %jmp T_4.39;
T_4.38 ;
    %load/vec4 v0x27274a0_0;
    %pad/u 32;
    %cmpi/e 1, 0, 32;
    %jmp/0xz  T_4.54, 4;
    %load/vec4 v0x2725d90_0;
    %store/vec4 v0x2727540_0, 0, 9;
    %load/vec4 v0x2727540_0;
    %ix/load 4, 1, 0;
    %flag_set/imm 4, 0;
    %shiftr 4;
    %store/vec4 v0x2727540_0, 0, 9;
    %load/vec4 v0x2727540_0;
    %ix/load 4, 1, 0;
    %flag_set/imm 4, 0;
    %shiftl 4;
    %store/vec4 v0x2727540_0, 0, 9;
    %load/vec4 v0x2727540_0;
    %store/vec4 v0x2725e90_0, 0, 9;
    %load/vec4 v0x2727540_0;
    %addi 1, 0, 9;
    %store/vec4 v0x2725f50_0, 0, 9;
    %load/vec4 v0x2727540_0;
    %store/vec4 v0x2726020_0, 0, 9;
    %load/vec4 v0x2727540_0;
    %addi 1, 0, 9;
    %store/vec4 v0x27260f0_0, 0, 9;
    %load/vec4 v0x2725d90_0;
    %parti/s 1, 1, 2;
    %pad/u 32;
    %cmpi/e 1, 0, 32;
    %jmp/0xz  T_4.56, 4;
    %pushi/vec4 0, 0, 1;
    %store/vec4 v0x2726db0_0, 0, 1;
    %pushi/vec4 0, 0, 1;
    %store/vec4 v0x2726e50_0, 0, 1;
    %pushi/vec4 1, 0, 1;
    %store/vec4 v0x2726e50_0, 0, 1;
    %pushi/vec4 1, 0, 1;
    %store/vec4 v0x2726db0_0, 0, 1;
    %delay 1, 0;
    %load/vec4 v0x27268f0_0;
    %load/vec4 v0x27269c0_0;
    %concat/vec4; draw_concat_vec4
    %pad/u 32;
    %store/vec4 v0x2726740_0, 0, 32;
    %delay 10, 0;
    %load/vec4 v0x2727200_0;
    %load/vec4 v0x2727130_0;
    %and;
    %store/vec4 v0x2726ef0_0, 0, 1;
    %jmp T_4.57;
T_4.56 ;
    %pushi/vec4 0, 0, 1;
    %store/vec4 v0x2726a90_0, 0, 1;
    %pushi/vec4 0, 0, 1;
    %store/vec4 v0x2726d10_0, 0, 1;
    %pushi/vec4 1, 0, 1;
    %store/vec4 v0x2726d10_0, 0, 1;
    %pushi/vec4 1, 0, 1;
    %store/vec4 v0x2726a90_0, 0, 1;
    %delay 1, 0;
    %load/vec4 v0x2726670_0;
    %load/vec4 v0x2726800_0;
    %concat/vec4; draw_concat_vec4
    %pad/u 32;
    %store/vec4 v0x2726740_0, 0, 32;
    %delay 10, 0;
    %load/vec4 v0x2727060_0;
    %load/vec4 v0x2726f90_0;
    %and;
    %store/vec4 v0x2726ef0_0, 0, 1;
T_4.57 ;
    %jmp T_4.55;
T_4.54 ;
    %load/vec4 v0x27274a0_0;
    %pad/u 32;
    %cmpi/e 2, 0, 32;
    %jmp/0xz  T_4.58, 4;
    %load/vec4 v0x2725d90_0;
    %store/vec4 v0x2727540_0, 0, 9;
    %load/vec4 v0x2727540_0;
    %ix/load 4, 2, 0;
    %flag_set/imm 4, 0;
    %shiftr 4;
    %store/vec4 v0x2727540_0, 0, 9;
    %load/vec4 v0x2727540_0;
    %ix/load 4, 2, 0;
    %flag_set/imm 4, 0;
    %shiftl 4;
    %store/vec4 v0x2727540_0, 0, 9;
    %load/vec4 v0x2727540_0;
    %store/vec4 v0x2725e90_0, 0, 9;
    %load/vec4 v0x2727540_0;
    %addi 1, 0, 9;
    %store/vec4 v0x2725f50_0, 0, 9;
    %load/vec4 v0x2727540_0;
    %addi 2, 0, 9;
    %store/vec4 v0x2726020_0, 0, 9;
    %load/vec4 v0x2727540_0;
    %addi 3, 0, 9;
    %store/vec4 v0x27260f0_0, 0, 9;
    %pushi/vec4 0, 0, 1;
    %store/vec4 v0x2726a90_0, 0, 1;
    %pushi/vec4 0, 0, 1;
    %store/vec4 v0x2726d10_0, 0, 1;
    %pushi/vec4 0, 0, 1;
    %store/vec4 v0x2726db0_0, 0, 1;
    %pushi/vec4 0, 0, 1;
    %store/vec4 v0x2726e50_0, 0, 1;
    %pushi/vec4 1, 0, 1;
    %store/vec4 v0x2726a90_0, 0, 1;
    %pushi/vec4 1, 0, 1;
    %store/vec4 v0x2726d10_0, 0, 1;
    %pushi/vec4 1, 0, 1;
    %store/vec4 v0x2726db0_0, 0, 1;
    %pushi/vec4 1, 0, 1;
    %store/vec4 v0x2726e50_0, 0, 1;
    %delay 1, 0;
    %load/vec4 v0x2726670_0;
    %load/vec4 v0x2726800_0;
    %concat/vec4; draw_concat_vec4
    %load/vec4 v0x27268f0_0;
    %concat/vec4; draw_concat_vec4
    %load/vec4 v0x27269c0_0;
    %concat/vec4; draw_concat_vec4
    %store/vec4 v0x2726740_0, 0, 32;
    %load/vec4 v0x2727200_0;
    %load/vec4 v0x2727130_0;
    %and;
    %load/vec4 v0x2727060_0;
    %and;
    %load/vec4 v0x2726f90_0;
    %and;
    %store/vec4 v0x2726ef0_0, 0, 1;
T_4.58 ;
T_4.55 ;
T_4.39 ;
T_4.1 ;
    %jmp T_4;
    .thread T_4;
    .scope S_0x26d59c0;
T_5 ;
    %pushi/vec4 0, 0, 1;
    %store/vec4 v0x2727a50_0, 0, 1;
    %pushi/vec4 0, 0, 4;
    %store/vec4 v0x2728000_0, 0, 4;
    %pushi/vec4 0, 0, 9;
    %store/vec4 v0x27276a0_0, 0, 9;
    %vpi_func 2 14 "$fopen" 32, "PF1_Vasquez_Nunez_Alejandro_ramdata.txt", "r" {0 0 0};
    %store/vec4 v0x2727cd0_0, 0, 32;
T_5.0 ;
    %vpi_func 2 15 "$feof" 32, v0x2727cd0_0 {0 0 0};
    %nor/r;
    %flag_set/vec4 8;
    %jmp/0xz T_5.1, 8;
    %vpi_func 2 16 "$fscanf" 32, v0x2727cd0_0, "%b", v0x2727b90_0 {0 0 0};
    %store/vec4 v0x2727af0_0, 0, 32;
    %pushi/vec4 0, 0, 1;
    %store/vec4 v0x2727880_0, 0, 1;
    %delay 1, 0;
    %pushi/vec4 1, 0, 1;
    %store/vec4 v0x2727880_0, 0, 1;
    %delay 1, 0;
T_5.2 ;
    %load/vec4 v0x2727980_0;
    %pad/u 32;
    %pushi/vec4 1, 0, 32;
    %cmp/e;
    %flag_get/vec4 4;
    %cmpi/ne 1, 0, 1;
    %jmp/0xz T_5.3, 6;
    %wait E_0x2705b40;
    %jmp T_5.2;
T_5.3 ;
    %delay 1, 0;
    %load/vec4 v0x27276a0_0;
    %addi 1, 0, 9;
    %store/vec4 v0x27276a0_0, 0, 9;
    %jmp T_5.0;
T_5.1 ;
    %pushi/vec4 1, 0, 1;
    %store/vec4 v0x2727a50_0, 0, 1;
T_5.4 ;
    %load/vec4 v0x2727a50_0;
    %pad/u 32;
    %pushi/vec4 1, 0, 32;
    %cmp/e;
    %flag_get/vec4 4;
    %cmpi/ne 1, 0, 1;
    %jmp/0xz T_5.5, 6;
    %wait E_0x26d5740;
    %jmp T_5.4;
T_5.5 ;
    %vpi_func 2 29 "$fopen" 32, "memcontent.txt", "w" {0 0 0};
    %store/vec4 v0x2727e40_0, 0, 32;
    %pushi/vec4 2, 0, 4;
    %store/vec4 v0x2728000_0, 0, 4;
    %pushi/vec4 0, 0, 9;
    %store/vec4 v0x27276a0_0, 0, 9;
    %pushi/vec4 0, 0, 1;
    %store/vec4 v0x2727880_0, 0, 1;
    %delay 1, 0;
    %pushi/vec4 1, 0, 1;
    %store/vec4 v0x2727880_0, 0, 1;
    %delay 1, 0;
T_5.6 ;
    %load/vec4 v0x2727980_0;
    %pad/u 32;
    %pushi/vec4 1, 0, 32;
    %cmp/e;
    %flag_get/vec4 4;
    %cmpi/ne 1, 0, 1;
    %jmp/0xz T_5.7, 6;
    %wait E_0x2705b40;
    %jmp T_5.6;
T_5.7 ;
    %vpi_call 2 36 "$fdisplay", v0x2727e40_0, "Word en %d = %b %d", v0x27276a0_0, v0x27277b0_0, $time {0 0 0};
    %pushi/vec4 0, 0, 1;
    %store/vec4 v0x2727a50_0, 0, 1;
    %delay 1, 0;
    %pushi/vec4 1, 0, 4;
    %store/vec4 v0x2728000_0, 0, 4;
    %pushi/vec4 3, 0, 9;
    %store/vec4 v0x27276a0_0, 0, 9;
    %pushi/vec4 0, 0, 1;
    %store/vec4 v0x2727880_0, 0, 1;
    %pushi/vec4 32512, 0, 32;
    %store/vec4 v0x2727b90_0, 0, 32;
    %delay 1, 0;
    %pushi/vec4 1, 0, 1;
    %store/vec4 v0x2727880_0, 0, 1;
    %delay 1, 0;
T_5.8 ;
    %load/vec4 v0x2727980_0;
    %pad/u 32;
    %pushi/vec4 1, 0, 32;
    %cmp/e;
    %flag_get/vec4 4;
    %cmpi/ne 1, 0, 1;
    %jmp/0xz T_5.9, 6;
    %wait E_0x2705b40;
    %jmp T_5.8;
T_5.9 ;
    %delay 1, 0;
    %pushi/vec4 1, 0, 1;
    %store/vec4 v0x2727a50_0, 0, 1;
    %pushi/vec4 2, 0, 4;
    %store/vec4 v0x2728000_0, 0, 4;
    %pushi/vec4 0, 0, 9;
    %store/vec4 v0x27276a0_0, 0, 9;
    %pushi/vec4 0, 0, 1;
    %store/vec4 v0x2727880_0, 0, 1;
    %delay 1, 0;
    %pushi/vec4 1, 0, 1;
    %store/vec4 v0x2727880_0, 0, 1;
    %delay 1, 0;
T_5.10 ;
    %load/vec4 v0x2727980_0;
    %pad/u 32;
    %pushi/vec4 1, 0, 32;
    %cmp/e;
    %flag_get/vec4 4;
    %cmpi/ne 1, 0, 1;
    %jmp/0xz T_5.11, 6;
    %wait E_0x2705b40;
    %jmp T_5.10;
T_5.11 ;
    %load/vec4 v0x27276a0_0;
    %ix/load 4, 2, 0;
    %flag_set/imm 4, 0;
    %shiftr 4;
    %store/vec4 v0x27276a0_0, 0, 9;
    %load/vec4 v0x27276a0_0;
    %ix/load 4, 2, 0;
    %flag_set/imm 4, 0;
    %shiftl 4;
    %vpi_call 2 54 "$fdisplay", v0x2727e40_0, "Word en %d = %b %d", S<0,vec4,u9>, v0x27277b0_0, $time {1 0 0};
    %pushi/vec4 7, 0, 9;
    %store/vec4 v0x27276a0_0, 0, 9;
    %pushi/vec4 2, 0, 4;
    %store/vec4 v0x2728000_0, 0, 4;
    %pushi/vec4 0, 0, 32;
    %store/vec4 v0x2727f20_0, 0, 32;
T_5.12 ;
    %load/vec4 v0x2727f20_0;
    %cmpi/s 2, 0, 32;
    %jmp/0xz T_5.13, 5;
    %pushi/vec4 0, 0, 1;
    %store/vec4 v0x2727880_0, 0, 1;
    %delay 1, 0;
    %pushi/vec4 1, 0, 1;
    %store/vec4 v0x2727880_0, 0, 1;
    %delay 1, 0;
T_5.14 ;
    %load/vec4 v0x2727980_0;
    %pad/u 32;
    %pushi/vec4 1, 0, 32;
    %cmp/e;
    %flag_get/vec4 4;
    %cmpi/ne 1, 0, 1;
    %jmp/0xz T_5.15, 6;
    %wait E_0x2705b40;
    %jmp T_5.14;
T_5.15 ;
    %load/vec4 v0x2727c30_0;
    %load/vec4 v0x27277b0_0;
    %concat/vec4; draw_concat_vec4
    %pad/u 64;
    %store/vec4 v0x2727c30_0, 0, 64;
    %load/vec4 v0x27276a0_0;
    %addi 4, 0, 9;
    %store/vec4 v0x27276a0_0, 0, 9;
    %load/vec4 v0x2727f20_0;
    %pushi/vec4 1, 0, 32;
    %add;
    %store/vec4 v0x2727f20_0, 0, 32;
    %jmp T_5.12;
T_5.13 ;
    %load/vec4 v0x27276a0_0;
    %ix/load 4, 2, 0;
    %flag_set/imm 4, 0;
    %shiftr 4;
    %store/vec4 v0x27276a0_0, 0, 9;
    %load/vec4 v0x27276a0_0;
    %pad/u 32;
    %ix/load 4, 2, 0;
    %flag_set/imm 4, 0;
    %shiftl 4;
    %subi 8, 0, 32;
    %vpi_call 2 67 "$fdisplay", v0x2727e40_0, "DoubleWord en %d = %b %d", S<0,vec4,u32>, v0x2727c30_0, $time {1 0 0};
    %pushi/vec4 0, 0, 1;
    %store/vec4 v0x2727a50_0, 0, 1;
    %pushi/vec4 2, 0, 4;
    %store/vec4 v0x2728000_0, 0, 4;
    %pushi/vec4 5, 0, 9;
    %store/vec4 v0x27276a0_0, 0, 9;
    %pushi/vec4 0, 0, 1;
    %store/vec4 v0x2727880_0, 0, 1;
    %pushi/vec4 2138861839, 0, 32;
    %store/vec4 v0x2727b90_0, 0, 32;
    %delay 1, 0;
    %pushi/vec4 1, 0, 1;
    %store/vec4 v0x2727880_0, 0, 1;
    %delay 1, 0;
T_5.16 ;
    %load/vec4 v0x2727980_0;
    %pad/u 32;
    %pushi/vec4 1, 0, 32;
    %cmp/e;
    %flag_get/vec4 4;
    %cmpi/ne 1, 0, 1;
    %jmp/0xz T_5.17, 6;
    %wait E_0x2705b40;
    %jmp T_5.16;
T_5.17 ;
    %delay 1, 0;
    %pushi/vec4 1, 0, 1;
    %store/vec4 v0x2727a50_0, 0, 1;
    %pushi/vec4 2, 0, 4;
    %store/vec4 v0x2728000_0, 0, 4;
    %pushi/vec4 0, 0, 9;
    %store/vec4 v0x27276a0_0, 0, 9;
    %pushi/vec4 0, 0, 32;
    %store/vec4 v0x2727f20_0, 0, 32;
T_5.18 ;
    %load/vec4 v0x2727f20_0;
    %cmpi/s 2, 0, 32;
    %jmp/0xz T_5.19, 5;
    %pushi/vec4 0, 0, 1;
    %store/vec4 v0x2727880_0, 0, 1;
    %delay 1, 0;
    %pushi/vec4 1, 0, 1;
    %store/vec4 v0x2727880_0, 0, 1;
    %delay 1, 0;
T_5.20 ;
    %load/vec4 v0x2727980_0;
    %pad/u 32;
    %pushi/vec4 1, 0, 32;
    %cmp/e;
    %flag_get/vec4 4;
    %cmpi/ne 1, 0, 1;
    %jmp/0xz T_5.21, 6;
    %wait E_0x2705b40;
    %jmp T_5.20;
T_5.21 ;
    %load/vec4 v0x2727c30_0;
    %load/vec4 v0x27277b0_0;
    %concat/vec4; draw_concat_vec4
    %pad/u 64;
    %store/vec4 v0x2727c30_0, 0, 64;
    %load/vec4 v0x27276a0_0;
    %addi 4, 0, 9;
    %store/vec4 v0x27276a0_0, 0, 9;
    %load/vec4 v0x2727f20_0;
    %pushi/vec4 1, 0, 32;
    %add;
    %store/vec4 v0x2727f20_0, 0, 32;
    %jmp T_5.18;
T_5.19 ;
    %load/vec4 v0x27276a0_0;
    %ix/load 4, 3, 0;
    %flag_set/imm 4, 0;
    %shiftr 4;
    %store/vec4 v0x27276a0_0, 0, 9;
    %load/vec4 v0x27276a0_0;
    %ix/load 4, 3, 0;
    %flag_set/imm 4, 0;
    %shiftl 4;
    %vpi_call 2 90 "$fdisplay", v0x2727e40_0, "DoubleWord en %d = %b %d", S<0,vec4,u9>, v0x2727c30_0, $time {1 0 0};
    %pushi/vec4 0, 0, 4;
    %store/vec4 v0x2728000_0, 0, 4;
    %pushi/vec4 3, 0, 9;
    %store/vec4 v0x27276a0_0, 0, 9;
    %delay 1, 0;
    %pushi/vec4 0, 0, 1;
    %store/vec4 v0x2727880_0, 0, 1;
    %delay 1, 0;
    %pushi/vec4 1, 0, 1;
    %store/vec4 v0x2727880_0, 0, 1;
    %delay 1, 0;
T_5.22 ;
    %load/vec4 v0x2727980_0;
    %pad/u 32;
    %pushi/vec4 1, 0, 32;
    %cmp/e;
    %flag_get/vec4 4;
    %cmpi/ne 1, 0, 1;
    %jmp/0xz T_5.23, 6;
    %wait E_0x2705b40;
    %jmp T_5.22;
T_5.23 ;
    %vpi_call 2 97 "$fdisplay", v0x2727e40_0, "byte en %d = %b %d", v0x27276a0_0, v0x27277b0_0, $time {0 0 0};
    %pushi/vec4 0, 0, 4;
    %store/vec4 v0x2728000_0, 0, 4;
    %pushi/vec4 0, 0, 1;
    %store/vec4 v0x2727a50_0, 0, 1;
    %pushi/vec4 5, 0, 9;
    %store/vec4 v0x27276a0_0, 0, 9;
    %pushi/vec4 3, 0, 32;
    %store/vec4 v0x2727b90_0, 0, 32;
    %delay 1, 0;
    %pushi/vec4 0, 0, 1;
    %store/vec4 v0x2727880_0, 0, 1;
    %delay 1, 0;
    %pushi/vec4 1, 0, 1;
    %store/vec4 v0x2727880_0, 0, 1;
    %delay 1, 0;
T_5.24 ;
    %load/vec4 v0x2727980_0;
    %pad/u 32;
    %pushi/vec4 1, 0, 32;
    %cmp/e;
    %flag_get/vec4 4;
    %cmpi/ne 1, 0, 1;
    %jmp/0xz T_5.25, 6;
    %wait E_0x2705b40;
    %jmp T_5.24;
T_5.25 ;
    %pushi/vec4 1, 0, 4;
    %store/vec4 v0x2728000_0, 0, 4;
    %pushi/vec4 1, 0, 1;
    %store/vec4 v0x2727a50_0, 0, 1;
    %pushi/vec4 4, 0, 9;
    %store/vec4 v0x27276a0_0, 0, 9;
    %pushi/vec4 0, 0, 1;
    %store/vec4 v0x2727880_0, 0, 1;
    %delay 1, 0;
    %pushi/vec4 1, 0, 1;
    %store/vec4 v0x2727880_0, 0, 1;
    %delay 1, 0;
T_5.26 ;
    %load/vec4 v0x2727980_0;
    %pad/u 32;
    %pushi/vec4 1, 0, 32;
    %cmp/e;
    %flag_get/vec4 4;
    %cmpi/ne 1, 0, 1;
    %jmp/0xz T_5.27, 6;
    %wait E_0x2705b40;
    %jmp T_5.26;
T_5.27 ;
    %vpi_call 2 113 "$fdisplay", v0x2727e40_0, "Halfword en %d = %b %d", v0x27276a0_0, v0x27277b0_0, $time {0 0 0};
    %pushi/vec4 0, 0, 1;
    %store/vec4 v0x2727a50_0, 0, 1;
    %pushi/vec4 2, 0, 4;
    %store/vec4 v0x2728000_0, 0, 4;
    %pushi/vec4 4, 0, 9;
    %store/vec4 v0x27276a0_0, 0, 9;
    %pushi/vec4 0, 0, 1;
    %store/vec4 v0x2727880_0, 0, 1;
    %pushi/vec4 16776960, 0, 32;
    %store/vec4 v0x2727b90_0, 0, 32;
    %delay 1, 0;
    %pushi/vec4 1, 0, 1;
    %store/vec4 v0x2727880_0, 0, 1;
    %delay 1, 0;
T_5.28 ;
    %load/vec4 v0x2727980_0;
    %pad/u 32;
    %pushi/vec4 1, 0, 32;
    %cmp/e;
    %flag_get/vec4 4;
    %cmpi/ne 1, 0, 1;
    %jmp/0xz T_5.29, 6;
    %wait E_0x2705b40;
    %jmp T_5.28;
T_5.29 ;
    %load/vec4 v0x27276a0_0;
    %addi 4, 0, 9;
    %store/vec4 v0x27276a0_0, 0, 9;
    %pushi/vec4 0, 0, 1;
    %store/vec4 v0x2727880_0, 0, 1;
    %pushi/vec4 4278190335, 0, 32;
    %store/vec4 v0x2727b90_0, 0, 32;
    %delay 1, 0;
    %pushi/vec4 1, 0, 1;
    %store/vec4 v0x2727880_0, 0, 1;
    %delay 1, 0;
T_5.30 ;
    %load/vec4 v0x2727980_0;
    %pad/u 32;
    %pushi/vec4 1, 0, 32;
    %cmp/e;
    %flag_get/vec4 4;
    %cmpi/ne 1, 0, 1;
    %jmp/0xz T_5.31, 6;
    %wait E_0x2705b40;
    %jmp T_5.30;
T_5.31 ;
    %delay 1, 0;
    %pushi/vec4 1, 0, 1;
    %store/vec4 v0x2727a50_0, 0, 1;
    %pushi/vec4 2, 0, 4;
    %store/vec4 v0x2728000_0, 0, 4;
    %pushi/vec4 0, 0, 9;
    %store/vec4 v0x27276a0_0, 0, 9;
    %pushi/vec4 0, 0, 32;
    %store/vec4 v0x2727f20_0, 0, 32;
T_5.32 ;
    %load/vec4 v0x2727f20_0;
    %cmpi/s 2, 0, 32;
    %jmp/0xz T_5.33, 5;
    %pushi/vec4 0, 0, 1;
    %store/vec4 v0x2727880_0, 0, 1;
    %delay 1, 0;
    %pushi/vec4 1, 0, 1;
    %store/vec4 v0x2727880_0, 0, 1;
    %delay 1, 0;
T_5.34 ;
    %load/vec4 v0x2727980_0;
    %pad/u 32;
    %pushi/vec4 1, 0, 32;
    %cmp/e;
    %flag_get/vec4 4;
    %cmpi/ne 1, 0, 1;
    %jmp/0xz T_5.35, 6;
    %wait E_0x2705b40;
    %jmp T_5.34;
T_5.35 ;
    %load/vec4 v0x2727c30_0;
    %load/vec4 v0x27277b0_0;
    %concat/vec4; draw_concat_vec4
    %pad/u 64;
    %store/vec4 v0x2727c30_0, 0, 64;
    %load/vec4 v0x27276a0_0;
    %addi 4, 0, 9;
    %store/vec4 v0x27276a0_0, 0, 9;
    %load/vec4 v0x2727f20_0;
    %pushi/vec4 1, 0, 32;
    %add;
    %store/vec4 v0x2727f20_0, 0, 32;
    %jmp T_5.32;
T_5.33 ;
    %load/vec4 v0x27276a0_0;
    %ix/load 4, 3, 0;
    %flag_set/imm 4, 0;
    %shiftr 4;
    %store/vec4 v0x27276a0_0, 0, 9;
    %load/vec4 v0x27276a0_0;
    %ix/load 4, 3, 0;
    %flag_set/imm 4, 0;
    %shiftl 4;
    %vpi_call 2 140 "$fdisplay", v0x2727e40_0, "DoubleWord en %d = %b %d", S<0,vec4,u9>, v0x2727c30_0, $time {1 0 0};
    %end;
    .thread T_5;
# The file index is used to find the file name in the following table.
:file_names 5;
    "N/A";
    "<interactive>";
    "ramtest.v";
    "PF1_Vasquez_Nunez_Alejandro_ram.v";
    "ram128x8.v";
